[debug] [2020-12-18T14:01:20.205Z] ----------------------------------------------------------------------
[debug] [2020-12-18T14:01:20.207Z] Command:       C:\Program Files\nodejs\node.exe C:\Users\mrtam\AppData\Roaming\npm\node_modules\firebase-tools\lib\bin\firebase.js init
[debug] [2020-12-18T14:01:20.207Z] CLI Version:   9.0.0
[debug] [2020-12-18T14:01:20.207Z] Platform:      win32
[debug] [2020-12-18T14:01:20.207Z] Node Version:  v14.15.0
[debug] [2020-12-18T14:01:20.208Z] Time:          Fri Dec 18 2020 17:01:20 GMT+0300 (Arabian Standard Time)
[debug] [2020-12-18T14:01:20.208Z] ----------------------------------------------------------------------
[debug] [2020-12-18T14:01:20.208Z] 
[debug] [2020-12-18T14:01:20.213Z] > command requires scopes: ["email","openid","https://www.googleapis.com/auth/cloudplatformprojects.readonly","https://www.googleapis.com/auth/firebase","https://www.googleapis.com/auth/cloud-platform"]
[debug] [2020-12-18T14:01:20.213Z] > authorizing via signed-in user
[info] 
     ######## #### ########  ######## ########     ###     ######  ########
     ##        ##  ##     ## ##       ##     ##  ##   ##  ##       ##
     ######    ##  ########  ######   ########  #########  ######  ######
     ##        ##  ##    ##  ##       ##     ## ##     ##       ## ##
     ##       #### ##     ## ######## ########  ##     ##  ######  ########

You're about to initialize a Firebase project in this directory:

  C:\Users\mrtam\Desktop\oshop

Before we get started, keep in mind:

  * You are initializing in an existing Firebase project directory

[info] 
=== Project Setup
[info] 
[info] First, let's associate this project directory with a Firebase project.
[info] You can create multiple project aliases by running firebase use --add, 
[info] but for now we'll just set up a default project.
[info] 
[info] i  .firebaserc already has a default project, using oshop-f3445. 
[debug] [2020-12-18T14:01:29.066Z] >>> HTTP REQUEST GET https://firebase.googleapis.com/v1beta1/projects/oshop-f3445  
 
[debug] [2020-12-18T14:01:29.991Z] <<< HTTP RESPONSE 403 {"vary":"X-Origin, Referer, Origin,Accept-Encoding","content-type":"application/json; charset=UTF-8","date":"Fri, 18 Dec 2020 14:01:30 GMT","server":"ESF","cache-control":"private","x-xss-protection":"0","x-frame-options":"SAMEORIGIN","x-content-type-options":"nosniff","alt-svc":"h3-29=\":443\"; ma=2592000,h3-T051=\":443\"; ma=2592000,h3-Q050=\":443\"; ma=2592000,h3-Q046=\":443\"; ma=2592000,h3-Q043=\":443\"; ma=2592000,quic=\":443\"; ma=2592000; v=\"46,43\"","accept-ranges":"none","transfer-encoding":"chunked"}
[debug] [2020-12-18T14:01:29.991Z] <<< HTTP RESPONSE BODY {"error":{"code":403,"message":"The caller does not have permission","status":"PERMISSION_DENIED"}}
[debug] [2020-12-18T14:01:29.992Z] HTTP Error: 403, The caller does not have permission
[debug] [2020-12-18T14:01:30.513Z] FirebaseError: HTTP Error: 403, The caller does not have permission
    at module.exports (C:\Users\mrtam\AppData\Roaming\npm\node_modules\firebase-tools\lib\responseToError.js:38:12)
    at Request._callback (C:\Users\mrtam\AppData\Roaming\npm\node_modules\firebase-tools\lib\api.js:41:35)
    at Request.self.callback (C:\Users\mrtam\AppData\Roaming\npm\node_modules\firebase-tools\node_modules\request\request.js:185:22)
    at Request.emit (events.js:315:20)
    at Request.EventEmitter.emit (domain.js:486:12)
    at Request.<anonymous> (C:\Users\mrtam\AppData\Roaming\npm\node_modules\firebase-tools\node_modules\request\request.js:1154:10)
    at Request.emit (events.js:315:20)
    at Request.EventEmitter.emit (domain.js:486:12)
    at IncomingMessage.<anonymous> (C:\Users\mrtam\AppData\Roaming\npm\node_modules\firebase-tools\node_modules\request\request.js:1076:12)
    at Object.onceWrapper (events.js:421:28)
    at IncomingMessage.emit (events.js:327:22)
    at IncomingMessage.EventEmitter.emit (domain.js:486:12)
    at endReadableNT (_stream_readable.js:1327:12)
    at processTicksAndRejections (internal/process/task_queues.js:80:21)
[error] 
[error] Error: Failed to get Firebase project oshop-f3445. Please make sure the project exists and your account has permission to access it.
[debug] [2020-12-18T14:06:26.550Z] ----------------------------------------------------------------------
[debug] [2020-12-18T14:06:26.553Z] Command:       C:\Program Files\nodejs\node.exe C:\Users\mrtam\AppData\Roaming\npm\node_modules\firebase-tools\lib\bin\firebase.js init [organic-shop-686c3]
[debug] [2020-12-18T14:06:26.553Z] CLI Version:   9.0.0
[debug] [2020-12-18T14:06:26.553Z] Platform:      win32
[debug] [2020-12-18T14:06:26.554Z] Node Version:  v14.15.0
[debug] [2020-12-18T14:06:26.555Z] Time:          Fri Dec 18 2020 17:06:26 GMT+0300 (Arabian Standard Time)
[debug] [2020-12-18T14:06:26.555Z] ----------------------------------------------------------------------
[debug] [2020-12-18T14:06:26.555Z] 
[debug] [2020-12-18T14:06:26.564Z] > command requires scopes: ["email","openid","https://www.googleapis.com/auth/cloudplatformprojects.readonly","https://www.googleapis.com/auth/firebase","https://www.googleapis.com/auth/cloud-platform"]
[debug] [2020-12-18T14:06:26.564Z] > authorizing via signed-in user
[info] 
     ######## #### ########  ######## ########     ###     ######  ########
     ##        ##  ##     ## ##       ##     ##  ##   ##  ##       ##
     ######    ##  ########  ######   ########  #########  ######  ######
     ##        ##  ##    ##  ##       ##     ## ##     ##       ## ##
     ##       #### ##     ## ######## ########  ##     ##  ######  ########

You're about to initialize a Firebase project in this directory:

  C:\Users\mrtam\Desktop\oshop

Before we get started, keep in mind:

  * You are initializing in an existing Firebase project directory

[info] 
=== Project Setup
[info] 
[info] First, let's associate this project directory with a Firebase project.
[info] You can create multiple project aliases by running firebase use --add, 
[info] but for now we'll just set up a default project.
[info] 
[info] i  .firebaserc already has a default project, using oshop-f3445. 
[debug] [2020-12-18T14:06:32.025Z] >>> HTTP REQUEST GET https://firebase.googleapis.com/v1beta1/projects/oshop-f3445  
 
[debug] [2020-12-18T14:06:33.200Z] <<< HTTP RESPONSE 403 {"vary":"X-Origin, Referer, Origin,Accept-Encoding","content-type":"application/json; charset=UTF-8","date":"Fri, 18 Dec 2020 14:06:33 GMT","server":"ESF","cache-control":"private","x-xss-protection":"0","x-frame-options":"SAMEORIGIN","x-content-type-options":"nosniff","alt-svc":"h3-29=\":443\"; ma=2592000,h3-T051=\":443\"; ma=2592000,h3-Q050=\":443\"; ma=2592000,h3-Q046=\":443\"; ma=2592000,h3-Q043=\":443\"; ma=2592000,quic=\":443\"; ma=2592000; v=\"46,43\"","accept-ranges":"none","transfer-encoding":"chunked"}
[debug] [2020-12-18T14:06:33.200Z] <<< HTTP RESPONSE BODY {"error":{"code":403,"message":"The caller does not have permission","status":"PERMISSION_DENIED"}}
[debug] [2020-12-18T14:06:33.201Z] HTTP Error: 403, The caller does not have permission
[debug] [2020-12-18T14:06:33.757Z] FirebaseError: HTTP Error: 403, The caller does not have permission
    at module.exports (C:\Users\mrtam\AppData\Roaming\npm\node_modules\firebase-tools\lib\responseToError.js:38:12)
    at Request._callback (C:\Users\mrtam\AppData\Roaming\npm\node_modules\firebase-tools\lib\api.js:41:35)
    at Request.self.callback (C:\Users\mrtam\AppData\Roaming\npm\node_modules\firebase-tools\node_modules\request\request.js:185:22)
    at Request.emit (events.js:315:20)
    at Request.EventEmitter.emit (domain.js:486:12)
    at Request.<anonymous> (C:\Users\mrtam\AppData\Roaming\npm\node_modules\firebase-tools\node_modules\request\request.js:1154:10)
    at Request.emit (events.js:315:20)
    at Request.EventEmitter.emit (domain.js:486:12)
    at IncomingMessage.<anonymous> (C:\Users\mrtam\AppData\Roaming\npm\node_modules\firebase-tools\node_modules\request\request.js:1076:12)
    at Object.onceWrapper (events.js:421:28)
    at IncomingMessage.emit (events.js:327:22)
    at IncomingMessage.EventEmitter.emit (domain.js:486:12)
    at endReadableNT (_stream_readable.js:1327:12)
    at processTicksAndRejections (internal/process/task_queues.js:80:21)
[error] 
[error] Error: Failed to get Firebase project oshop-f3445. Please make sure the project exists and your account has permission to access it.
[debug] [2020-12-18T14:10:34.524Z] ----------------------------------------------------------------------
[debug] [2020-12-18T14:10:34.527Z] Command:       C:\Program Files\nodejs\node.exe C:\Users\mrtam\AppData\Roaming\npm\node_modules\firebase-tools\lib\bin\firebase.js init
[debug] [2020-12-18T14:10:34.528Z] CLI Version:   9.0.0
[debug] [2020-12-18T14:10:34.528Z] Platform:      win32
[debug] [2020-12-18T14:10:34.528Z] Node Version:  v14.15.0
[debug] [2020-12-18T14:10:34.529Z] Time:          Fri Dec 18 2020 17:10:34 GMT+0300 (Arabian Standard Time)
[debug] [2020-12-18T14:10:34.530Z] ----------------------------------------------------------------------
[debug] [2020-12-18T14:10:34.530Z] 
[debug] [2020-12-18T14:10:34.538Z] > command requires scopes: ["email","openid","https://www.googleapis.com/auth/cloudplatformprojects.readonly","https://www.googleapis.com/auth/firebase","https://www.googleapis.com/auth/cloud-platform"]
[debug] [2020-12-18T14:10:34.539Z] > authorizing via signed-in user
[info] 
     ######## #### ########  ######## ########     ###     ######  ########
     ##        ##  ##     ## ##       ##     ##  ##   ##  ##       ##
     ######    ##  ########  ######   ########  #########  ######  ######
     ##        ##  ##    ##  ##       ##     ## ##     ##       ## ##
     ##       #### ##     ## ######## ########  ##     ##  ######  ########

You're about to initialize a Firebase project in this directory:

  C:\Users\mrtam\Desktop\oshop

[info] 
=== Project Setup
[info] 
[info] First, let's associate this project directory with a Firebase project.
[info] You can create multiple project aliases by running firebase use --add, 
[info] but for now we'll just set up a default project.
[info] 
[debug] [2020-12-18T14:10:52.759Z] ----------------------------------------------------------------------
[debug] [2020-12-18T14:10:52.761Z] Command:       C:\Program Files\nodejs\node.exe C:\Users\mrtam\AppData\Roaming\npm\node_modules\firebase-tools\lib\bin\firebase.js init
[debug] [2020-12-18T14:10:52.761Z] CLI Version:   9.0.0
[debug] [2020-12-18T14:10:52.761Z] Platform:      win32
[debug] [2020-12-18T14:10:52.761Z] Node Version:  v14.15.0
[debug] [2020-12-18T14:10:52.762Z] Time:          Fri Dec 18 2020 17:10:52 GMT+0300 (Arabian Standard Time)
[debug] [2020-12-18T14:10:52.762Z] ----------------------------------------------------------------------
[debug] [2020-12-18T14:10:52.762Z] 
[debug] [2020-12-18T14:10:52.766Z] > command requires scopes: ["email","openid","https://www.googleapis.com/auth/cloudplatformprojects.readonly","https://www.googleapis.com/auth/firebase","https://www.googleapis.com/auth/cloud-platform"]
[debug] [2020-12-18T14:10:52.767Z] > authorizing via signed-in user
[info] 
     ######## #### ########  ######## ########     ###     ######  ########
     ##        ##  ##     ## ##       ##     ##  ##   ##  ##       ##
     ######    ##  ########  ######   ########  #########  ######  ######
     ##        ##  ##    ##  ##       ##     ## ##     ##       ## ##
     ##       #### ##     ## ######## ########  ##     ##  ######  ########

You're about to initialize a Firebase project in this directory:

  C:\Users\mrtam\Desktop\oshop

[info] 
=== Project Setup
[info] 
[info] First, let's associate this project directory with a Firebase project.
[info] You can create multiple project aliases by running firebase use --add, 
[info] but for now we'll just set up a default project.
[info] 
[debug] [2020-12-18T14:11:03.109Z] >>> HTTP REQUEST GET https://firebase.googleapis.com/v1beta1/projects?pageSize=100  
 
[debug] [2020-12-18T14:11:03.789Z] <<< HTTP RESPONSE 200 {"content-type":"application/json; charset=UTF-8","vary":"X-Origin, Referer, Origin,Accept-Encoding","date":"Fri, 18 Dec 2020 14:11:03 GMT","server":"ESF","cache-control":"private","x-xss-protection":"0","x-frame-options":"SAMEORIGIN","x-content-type-options":"nosniff","alt-svc":"h3-29=\":443\"; ma=2592000,h3-T051=\":443\"; ma=2592000,h3-Q050=\":443\"; ma=2592000,h3-Q046=\":443\"; ma=2592000,h3-Q043=\":443\"; ma=2592000,quic=\":443\"; ma=2592000; v=\"46,43\"","accept-ranges":"none","transfer-encoding":"chunked"}
[info] i  Using project organic-shop-686c3 (organic-shop) 
[info] 
=== Hosting Setup
[info] 
[info] Your public directory is the folder (relative to your project directory) that
[info] will contain Hosting assets to be uploaded with firebase deploy. If you
[info] have a build process for your assets, use your build's output directory.
[info] 
